\BOOKMARK [1][-]{section*.3}{\376\377\000Q\000u\000i\000c\000k\000\040\000R\000e\000f\000e\000r\000e\000n\000c\000e\000\040}{}% 1
\BOOKMARK [1][-]{section*.4}{\376\377\000I\000n\000t\000r\000o\000d\000u\000c\000t\000i\000o\000n\000\040}{}% 2
\BOOKMARK [1][-]{section*.10}{\376\377\000P\000a\000r\000t\000\040\0001\000:\000\040\000\040\000K\000a\000n\000j\000i\000\040\000b\000y\000\040\000G\000r\000a\000d\000e\000\040\000L\000e\000v\000e\000l\000\040}{}% 3
\BOOKMARK [2][-]{section*.11}{\376\377\000G\000r\000a\000d\000e\000\040\0001\000\040}{section*.10}% 4
\BOOKMARK [2][-]{section*.12}{\376\377\000G\000r\000a\000d\000e\000\040\0002\000\040}{section*.10}% 5
\BOOKMARK [2][-]{section*.13}{\376\377\000G\000r\000a\000d\000e\000\040\0003\000\040}{section*.10}% 6
\BOOKMARK [2][-]{section*.14}{\376\377\000G\000r\000a\000d\000e\000\040\0004\000\040}{section*.10}% 7
\BOOKMARK [2][-]{section*.15}{\376\377\000G\000r\000a\000d\000e\000\040\0005\000\040}{section*.10}% 8
\BOOKMARK [2][-]{section*.16}{\376\377\000G\000r\000a\000d\000e\000\040\0006\000\040}{section*.10}% 9
\BOOKMARK [2][-]{section*.17}{\376\377\000S\000e\000c\000o\000n\000d\000a\000r\000y\000\040\000E\000d\000u\000c\000a\000t\000i\000o\000n\000\040}{section*.10}% 10
\BOOKMARK [1][-]{section*.18}{\376\377\000P\000a\000r\000t\000\040\0002\000:\000\040\000\040\000K\000a\000n\000j\000i\000\040\000b\000y\000\040\000J\000L\000P\000T\000\040\000N\000\043\000\040}{}% 11
\BOOKMARK [2][-]{section*.19}{\376\377\000J\000L\000P\000T\000\040\000N\0005\000\040}{section*.18}% 12
\BOOKMARK [2][-]{section*.20}{\376\377\000J\000L\000P\000T\000\040\000N\0004\000\040}{section*.18}% 13
\BOOKMARK [2][-]{section*.21}{\376\377\000J\000L\000P\000T\000\040\000N\0003\000\040}{section*.18}% 14
\BOOKMARK [2][-]{section*.22}{\376\377\000J\000L\000P\000T\000\040\000N\0002\000\040}{section*.18}% 15
\BOOKMARK [2][-]{section*.23}{\376\377\000J\000L\000P\000T\000\040\000N\0001\000\040}{section*.18}% 16
\BOOKMARK [1][-]{section*.24}{\376\377\000P\000a\000r\000t\000\040\0003\000:\000\040\000\040\000K\000a\000n\000j\000i\000\040\000b\000y\000\040\000C\000h\000a\000r\000a\000c\000t\000e\000r\000\040\000R\000a\000d\000i\000c\000a\000l\000\040}{}% 17
\BOOKMARK [2][-]{section*.25}{\376\377\000L\000i\000s\000t\000\040\000o\000f\000\040\000C\000h\000a\000r\000a\000c\000t\000e\000r\000\040\000R\000a\000d\000i\000c\000a\000l\000s\000\040}{section*.24}% 18
\BOOKMARK [2][-]{section*.26}{\376\377\000C\000h\000a\000r\000a\000c\000t\000e\000r\000\040\000R\000a\000d\000i\000c\000a\000l\000s\000\040\0001\040\024\0001\0000\000\040}{section*.24}% 19
\BOOKMARK [2][-]{section*.37}{\376\377\000C\000h\000a\000r\000a\000c\000t\000e\000r\000\040\000R\000a\000d\000i\000c\000a\000l\000s\000\040\0001\0001\040\024\0002\0000\000\040}{section*.24}% 20
\BOOKMARK [2][-]{section*.48}{\376\377\000C\000h\000a\000r\000a\000c\000t\000e\000r\000\040\000R\000a\000d\000i\000c\000a\000l\000s\000\040\0002\0001\040\024\0003\0000\000\040}{section*.24}% 21
\BOOKMARK [2][-]{section*.59}{\376\377\000C\000h\000a\000r\000a\000c\000t\000e\000r\000\040\000R\000a\000d\000i\000c\000a\000l\000s\000\040\0003\0001\040\024\0004\0000\000\040}{section*.24}% 22
\BOOKMARK [2][-]{section*.70}{\376\377\000C\000h\000a\000r\000a\000c\000t\000e\000r\000\040\000R\000a\000d\000i\000c\000a\000l\000s\000\040\0004\0001\040\024\0005\0000\000\040}{section*.24}% 23
\BOOKMARK [2][-]{section*.81}{\376\377\000C\000h\000a\000r\000a\000c\000t\000e\000r\000\040\000R\000a\000d\000i\000c\000a\000l\000s\000\040\0005\0001\040\024\0006\0000\000\040}{section*.24}% 24
\BOOKMARK [2][-]{section*.92}{\376\377\000C\000h\000a\000r\000a\000c\000t\000e\000r\000\040\000R\000a\000d\000i\000c\000a\000l\000s\000\040\0006\0001\040\024\0007\0000\000\040}{section*.24}% 25
\BOOKMARK [2][-]{section*.103}{\376\377\000C\000h\000a\000r\000a\000c\000t\000e\000r\000\040\000R\000a\000d\000i\000c\000a\000l\000s\000\040\0007\0001\040\024\0008\0000\000\040}{section*.24}% 26
\BOOKMARK [2][-]{section*.114}{\376\377\000C\000h\000a\000r\000a\000c\000t\000e\000r\000\040\000R\000a\000d\000i\000c\000a\000l\000s\000\040\0008\0001\040\024\0009\0000\000\040}{section*.24}% 27
\BOOKMARK [2][-]{section*.125}{\376\377\000C\000h\000a\000r\000a\000c\000t\000e\000r\000\040\000R\000a\000d\000i\000c\000a\000l\000s\000\040\0009\0001\040\024\0001\0000\0000\000\040}{section*.24}% 28
\BOOKMARK [2][-]{section*.136}{\376\377\000C\000h\000a\000r\000a\000c\000t\000e\000r\000\040\000R\000a\000d\000i\000c\000a\000l\000s\000\040\0001\0000\0001\040\024\0001\0001\0000\000\040}{section*.24}% 29
\BOOKMARK [2][-]{section*.147}{\376\377\000C\000h\000a\000r\000a\000c\000t\000e\000r\000\040\000R\000a\000d\000i\000c\000a\000l\000s\000\040\0001\0001\0001\040\024\0001\0002\0000\000\040}{section*.24}% 30
\BOOKMARK [2][-]{section*.158}{\376\377\000C\000h\000a\000r\000a\000c\000t\000e\000r\000\040\000R\000a\000d\000i\000c\000a\000l\000s\000\040\0001\0002\0001\040\024\0001\0003\0000\000\040}{section*.24}% 31
\BOOKMARK [2][-]{section*.169}{\376\377\000C\000h\000a\000r\000a\000c\000t\000e\000r\000\040\000R\000a\000d\000i\000c\000a\000l\000s\000\040\0001\0003\0001\040\024\0001\0004\0000\000\040}{section*.24}% 32
\BOOKMARK [2][-]{section*.180}{\376\377\000C\000h\000a\000r\000a\000c\000t\000e\000r\000\040\000R\000a\000d\000i\000c\000a\000l\000s\000\040\0001\0004\0001\040\024\0001\0005\0000\000\040}{section*.24}% 33
\BOOKMARK [2][-]{section*.191}{\376\377\000C\000h\000a\000r\000a\000c\000t\000e\000r\000\040\000R\000a\000d\000i\000c\000a\000l\000s\000\040\0001\0005\0001\040\024\0001\0006\0000\000\040}{section*.24}% 34
\BOOKMARK [2][-]{section*.202}{\376\377\000C\000h\000a\000r\000a\000c\000t\000e\000r\000\040\000R\000a\000d\000i\000c\000a\000l\000s\000\040\0001\0006\0001\040\024\0001\0007\0000\000\040}{section*.24}% 35
\BOOKMARK [2][-]{section*.213}{\376\377\000C\000h\000a\000r\000a\000c\000t\000e\000r\000\040\000R\000a\000d\000i\000c\000a\000l\000s\000\040\0001\0007\0001\040\024\0001\0008\0000\000\040}{section*.24}% 36
\BOOKMARK [2][-]{section*.224}{\376\377\000C\000h\000a\000r\000a\000c\000t\000e\000r\000\040\000R\000a\000d\000i\000c\000a\000l\000s\000\040\0001\0008\0001\040\024\0001\0009\0000\000\040}{section*.24}% 37
\BOOKMARK [2][-]{section*.235}{\376\377\000C\000h\000a\000r\000a\000c\000t\000e\000r\000\040\000R\000a\000d\000i\000c\000a\000l\000s\000\040\0001\0009\0001\040\024\0002\0000\0000\000\040}{section*.24}% 38
\BOOKMARK [2][-]{section*.246}{\376\377\000C\000h\000a\000r\000a\000c\000t\000e\000r\000\040\000R\000a\000d\000i\000c\000a\000l\000s\000\040\0002\0000\0001\040\024\0002\0001\0000\000\040}{section*.24}% 39
\BOOKMARK [2][-]{section*.257}{\376\377\000C\000h\000a\000r\000a\000c\000t\000e\000r\000\040\000R\000a\000d\000i\000c\000a\000l\000s\000\040\0002\0001\0000\040\024\0002\0001\0004\000\040}{section*.24}% 40
